This file contains any messages produced by compilers while
running configure, to aid debugging if configure makes a mistake.

It was created by sphinxbase configure 5prealpha, which was
generated by GNU Autoconf 2.69.  Invocation command line was

  $ ./configure --prefix=/./

## --------- ##
## Platform. ##
## --------- ##

hostname = e1z3r2p11.42.us.org
uname -m = x86_64
uname -r = 15.6.0
uname -s = Darwin
uname -v = Darwin Kernel Version 15.6.0: Fri Feb 17 10:21:18 PST 2017; root:xnu-3248.60.11.4.1~1/RELEASE_X86_64

/usr/bin/uname -p = i386
/bin/uname -X     = unknown

/bin/arch              = unknown
/usr/bin/arch -k       = unknown
/usr/convex/getsysinfo = unknown
/usr/bin/hostinfo      = Mach kernel version:
	 Darwin Kernel Version 15.6.0: Fri Feb 17 10:21:18 PST 2017; root:xnu-3248.60.11.4.1~1/RELEASE_X86_64
Kernel configured for up to 4 processors.
4 processors are physically available.
4 processors are logically available.
Processor type: x86_64h (Intel x86-64h Haswell)
Processors active: 0 1 2 3
Primary memory available: 8.00 gigabytes
Default processor set: 258 tasks, 1230 threads, 4 processors
Load average: 2.48, Mach factor: 1.51
/bin/machine           = unknown
/usr/bin/oslevel       = unknown
/bin/universe          = unknown

PATH: /usr/local/bin
PATH: /usr/bin
PATH: /bin
PATH: /usr/sbin
PATH: /sbin
PATH: /usr/local/munki
PATH: /nfs/2017/s/scollet/.rvm/gems/ruby-2.4.1/bin
PATH: /nfs/2017/s/scollet/.rvm/gems/ruby-2.4.1@global/bin
PATH: /nfs/2017/s/scollet/.rvm/rubies/ruby-2.4.1/bin
PATH: /nfs/2017/s/scollet/.brew/bin
PATH: /nfs/2017/s/scollet/.nvm/versions/node/v8.1.3/bin
PATH: /nfs/2017/s/scollet/.gem/ruby/2.0.0/bin
PATH: /nfs/2017/s/scollet/.rvm/bin
PATH: /nfs/2017/s/scollet/.gem/ruby/2.0.0/bin


## ----------- ##
## Core tests. ##
## ----------- ##

configure:2536: checking for a BSD-compatible install
configure:2604: result: /usr/bin/install -c
configure:2615: checking whether build environment is sane
configure:2670: result: yes
configure:2821: checking for a thread-safe mkdir -p
configure:2860: result: ./install-sh -c -d
configure:2867: checking for gawk
configure:2897: result: no
configure:2867: checking for mawk
configure:2897: result: no
configure:2867: checking for nawk
configure:2897: result: no
configure:2867: checking for awk
configure:2883: found /usr/bin/awk
configure:2894: result: awk
configure:2905: checking whether make sets $(MAKE)
configure:2927: result: yes
configure:2956: checking whether make supports nested variables
configure:2973: result: yes
configure:3098: checking build system type
configure:3112: result: x86_64-apple-darwin15.6.0
configure:3132: checking host system type
configure:3145: result: x86_64-apple-darwin15.6.0
configure:3177: checking for style of include used by make
configure:3205: result: GNU
configure:3276: checking for gcc
configure:3292: found /usr/bin/gcc
configure:3303: result: gcc
configure:3532: checking for C compiler version
configure:3541: gcc --version >&5
Apple LLVM version 8.0.0 (clang-800.0.42.1)
Target: x86_64-apple-darwin15.6.0
Thread model: posix
InstalledDir: /Applications/Xcode.app/Contents/Developer/Toolchains/XcodeDefault.xctoolchain/usr/bin
Configured with: --prefix=/Applications/Xcode.app/Contents/Developer/usr --with-gxx-include-dir=/usr/include/c++/4.2.1
configure:3552: $? = 0
configure:3541: gcc -v >&5
Configured with: --prefix=/Applications/Xcode.app/Contents/Developer/usr --with-gxx-include-dir=/usr/include/c++/4.2.1
Apple LLVM version 8.0.0 (clang-800.0.42.1)
Target: x86_64-apple-darwin15.6.0
Thread model: posix
InstalledDir: /Applications/Xcode.app/Contents/Developer/Toolchains/XcodeDefault.xctoolchain/usr/bin
configure:3552: $? = 0
configure:3541: gcc -V >&5
clang: error: argument to '-V' is missing (expected 1 value)
clang: error: no input files
configure:3552: $? = 1
configure:3541: gcc -qversion >&5
clang: error: unknown argument: '-qversion'
clang: error: no input files
configure:3552: $? = 1
configure:3572: checking whether the C compiler works
configure:3594: gcc -g -O2 -Wall   conftest.c  >&5
configure:3598: $? = 0
configure:3646: result: yes
configure:3649: checking for C compiler default output file name
configure:3651: result: a.out
configure:3657: checking for suffix of executables
configure:3664: gcc -o conftest -g -O2 -Wall   conftest.c  >&5
configure:3668: $? = 0
configure:3690: result: 
configure:3712: checking whether we are cross compiling
configure:3720: gcc -o conftest -g -O2 -Wall   conftest.c  >&5
configure:3724: $? = 0
configure:3731: ./conftest
configure:3735: $? = 0
configure:3750: result: no
configure:3755: checking for suffix of object files
configure:3777: gcc -c -g -O2 -Wall  conftest.c >&5
configure:3781: $? = 0
configure:3802: result: o
configure:3806: checking whether we are using the GNU C compiler
configure:3825: gcc -c -g -O2 -Wall  conftest.c >&5
configure:3825: $? = 0
configure:3834: result: yes
configure:3843: checking whether gcc accepts -g
configure:3863: gcc -c -g  conftest.c >&5
configure:3863: $? = 0
configure:3904: result: yes
configure:3921: checking for gcc option to accept ISO C89
configure:3984: gcc  -c -g -O2 -Wall  conftest.c >&5
configure:3984: $? = 0
configure:3997: result: none needed
configure:4022: checking whether gcc understands -c and -o together
configure:4044: gcc -c conftest.c -o conftest2.o
configure:4047: $? = 0
configure:4044: gcc -c conftest.c -o conftest2.o
configure:4047: $? = 0
configure:4059: result: yes
configure:4078: checking dependency style of gcc
configure:4189: result: gcc3
configure:4205: checking for library containing strerror
configure:4236: gcc -o conftest -g -O2 -Wall   conftest.c  >&5
conftest.c:16:6: warning: incompatible redeclaration of library function 'strerror' [-Wincompatible-library-redeclaration]
char strerror ();
     ^
conftest.c:16:6: note: 'strerror' is a builtin with type 'char *(int)'
1 warning generated.
configure:4236: $? = 0
configure:4253: result: none required
configure:4309: checking for gcc
configure:4336: result: gcc
configure:4565: checking for C compiler version
configure:4574: gcc --version >&5
Apple LLVM version 8.0.0 (clang-800.0.42.1)
Target: x86_64-apple-darwin15.6.0
Thread model: posix
InstalledDir: /Applications/Xcode.app/Contents/Developer/Toolchains/XcodeDefault.xctoolchain/usr/bin
Configured with: --prefix=/Applications/Xcode.app/Contents/Developer/usr --with-gxx-include-dir=/usr/include/c++/4.2.1
configure:4585: $? = 0
configure:4574: gcc -v >&5
Configured with: --prefix=/Applications/Xcode.app/Contents/Developer/usr --with-gxx-include-dir=/usr/include/c++/4.2.1
Apple LLVM version 8.0.0 (clang-800.0.42.1)
Target: x86_64-apple-darwin15.6.0
Thread model: posix
InstalledDir: /Applications/Xcode.app/Contents/Developer/Toolchains/XcodeDefault.xctoolchain/usr/bin
configure:4585: $? = 0
configure:4574: gcc -V >&5
clang: error: argument to '-V' is missing (expected 1 value)
clang: error: no input files
configure:4585: $? = 1
configure:4574: gcc -qversion >&5
clang: error: unknown argument: '-qversion'
clang: error: no input files
configure:4585: $? = 1
configure:4589: checking whether we are using the GNU C compiler
configure:4617: result: yes
configure:4626: checking whether gcc accepts -g
configure:4687: result: yes
configure:4704: checking for gcc option to accept ISO C89
configure:4780: result: none needed
configure:4805: checking whether gcc understands -c and -o together
configure:4842: result: yes
configure:4861: checking dependency style of gcc
configure:4972: result: gcc3
configure:4991: checking for gcc option to accept ISO C99
configure:5140: gcc  -c -g -O2 -Wall  conftest.c >&5
configure:5140: $? = 0
configure:5153: result: none needed
configure:5261: checking for gcc option to accept ISO Standard C
configure:5272: result: none needed
configure:5326: checking how to print strings
configure:5353: result: printf
configure:5374: checking for a sed that does not truncate output
configure:5438: result: /usr/bin/sed
configure:5456: checking for grep that handles long lines and -e
configure:5514: result: /usr/bin/grep
configure:5519: checking for egrep
configure:5581: result: /usr/bin/grep -E
configure:5586: checking for fgrep
configure:5648: result: /usr/bin/grep -F
configure:5683: checking for ld used by gcc
configure:5750: result: /Applications/Xcode.app/Contents/Developer/Toolchains/XcodeDefault.xctoolchain/usr/bin/ld
configure:5757: checking if the linker (/Applications/Xcode.app/Contents/Developer/Toolchains/XcodeDefault.xctoolchain/usr/bin/ld) is GNU ld
configure:5772: result: no
configure:5784: checking for BSD- or MS-compatible name lister (nm)
configure:5833: result: /usr/bin/nm -B
configure:5963: checking the name lister (/usr/bin/nm -B) interface
configure:5970: gcc -c -g -O2 -Wall  conftest.c >&5
configure:5973: /usr/bin/nm -B "conftest.o"
configure:5976: output
0000000000000200 S _some_variable
configure:5983: result: BSD nm
configure:5986: checking whether ln -s works
configure:5990: result: yes
configure:5998: checking the maximum length of command line arguments
configure:6129: result: 196608
configure:6146: checking whether the shell understands some XSI constructs
configure:6156: result: yes
configure:6160: checking whether the shell understands "+="
configure:6166: result: yes
configure:6201: checking how to convert x86_64-apple-darwin15.6.0 file names to x86_64-apple-darwin15.6.0 format
configure:6241: result: func_convert_file_noop
configure:6248: checking how to convert x86_64-apple-darwin15.6.0 file names to toolchain format
configure:6268: result: func_convert_file_noop
configure:6275: checking for /Applications/Xcode.app/Contents/Developer/Toolchains/XcodeDefault.xctoolchain/usr/bin/ld option to reload object files
configure:6282: result: -r
configure:6356: checking for objdump
configure:6386: result: no
configure:6415: checking how to recognize dependent libraries
configure:6613: result: pass_all
configure:6698: checking for dlltool
configure:6728: result: no
configure:6758: checking how to associate runtime and link libraries
configure:6785: result: printf %s\n
configure:6845: checking for ar
configure:6861: found /usr/bin/ar
configure:6872: result: ar
configure:6909: checking for archiver @FILE support
configure:6926: gcc -c -g -O2 -Wall  conftest.c >&5
configure:6926: $? = 0
configure:6929: ar cru libconftest.a @conftest.lst >&5
ar: @conftest.lst: No such file or directory
configure:6932: $? = 1
configure:6952: result: no
configure:7010: checking for strip
configure:7026: found /usr/bin/strip
configure:7037: result: strip
configure:7109: checking for ranlib
configure:7125: found /usr/bin/ranlib
configure:7136: result: ranlib
configure:7238: checking command to parse /usr/bin/nm -B output from gcc object
configure:7358: gcc -c -g -O2 -Wall  conftest.c >&5
configure:7361: $? = 0
configure:7365: /usr/bin/nm -B conftest.o \| sed -n -e 's/^.*[ ]\([BCDEGRST][BCDEGRST]*\)[ ][ ]*\([_A-Za-z][_A-Za-z0-9]*\)$/\1 \2 \2/p' | sed '/ __gnu_lto/d' \> conftest.nm
configure:7368: $? = 0
cannot find nm_test_var in conftest.nm
configure:7358: gcc -c -g -O2 -Wall  conftest.c >&5
configure:7361: $? = 0
configure:7365: /usr/bin/nm -B conftest.o \| sed -n -e 's/^.*[ ]\([BCDEGRST][BCDEGRST]*\)[ ][ ]*_\([_A-Za-z][_A-Za-z0-9]*\)$/\1 _\2 \2/p' | sed '/ __gnu_lto/d' \> conftest.nm
configure:7368: $? = 0
configure:7434: gcc -o conftest -g -O2 -Wall   conftest.c conftstm.o >&5
warning: (x86_64)  could not find object file symbol for symbol _main
configure:7437: $? = 0
configure:7475: result: ok
configure:7512: checking for sysroot
configure:7542: result: no
configure:7811: checking for mt
configure:7841: result: no
configure:7861: checking if : is a manifest tool
configure:7867: : '-?'
configure:7875: result: no
configure:7931: checking for dsymutil
configure:7947: found /usr/bin/dsymutil
configure:7958: result: dsymutil
configure:8023: checking for nmedit
configure:8039: found /usr/bin/nmedit
configure:8050: result: nmedit
configure:8115: checking for lipo
configure:8131: found /usr/bin/lipo
configure:8142: result: lipo
configure:8207: checking for otool
configure:8223: found /usr/bin/otool
configure:8234: result: otool
configure:8299: checking for otool64
configure:8329: result: no
configure:8374: checking for -single_module linker flag
gcc -g -O2 -Wall  -o libconftest.dylib -dynamiclib -Wl,-single_module conftest.c
configure:8407: result: yes
configure:8410: checking for -exported_symbols_list linker flag
configure:8430: gcc -o conftest -g -O2 -Wall   -Wl,-exported_symbols_list,conftest.sym conftest.c  >&5
configure:8430: $? = 0
configure:8440: result: yes
configure:8443: checking for -force_load linker flag
gcc -g -O2 -Wall -c -o conftest.o conftest.c
ar cru libconftest.a conftest.o
ranlib libconftest.a
gcc -g -O2 -Wall  -o conftest conftest.c -Wl,-force_load,./libconftest.a
configure:8475: result: yes
configure:8517: checking how to run the C preprocessor
configure:8548: gcc -E  conftest.c
configure:8548: $? = 0
configure:8562: gcc -E  conftest.c
conftest.c:9:10: fatal error: 'ac_nonexistent.h' file not found
#include <ac_nonexistent.h>
         ^
1 error generated.
configure:8562: $? = 1
configure: failed program was:
| /* confdefs.h */
| #define PACKAGE_NAME "sphinxbase"
| #define PACKAGE_TARNAME "sphinxbase"
| #define PACKAGE_VERSION "5prealpha"
| #define PACKAGE_STRING "sphinxbase 5prealpha"
| #define PACKAGE_BUGREPORT ""
| #define PACKAGE_URL ""
| /* end confdefs.h.  */
| #include <ac_nonexistent.h>
configure:8587: result: gcc -E
configure:8607: gcc -E  conftest.c
configure:8607: $? = 0
configure:8621: gcc -E  conftest.c
conftest.c:9:10: fatal error: 'ac_nonexistent.h' file not found
#include <ac_nonexistent.h>
         ^
1 error generated.
configure:8621: $? = 1
configure: failed program was:
| /* confdefs.h */
| #define PACKAGE_NAME "sphinxbase"
| #define PACKAGE_TARNAME "sphinxbase"
| #define PACKAGE_VERSION "5prealpha"
| #define PACKAGE_STRING "sphinxbase 5prealpha"
| #define PACKAGE_BUGREPORT ""
| #define PACKAGE_URL ""
| /* end confdefs.h.  */
| #include <ac_nonexistent.h>
configure:8650: checking for ANSI C header files
configure:8670: gcc -c -g -O2 -Wall  conftest.c >&5
configure:8670: $? = 0
configure:8743: gcc -o conftest -g -O2 -Wall   conftest.c  >&5
configure:8743: $? = 0
configure:8743: ./conftest
configure:8743: $? = 0
configure:8754: result: yes
configure:8767: checking for sys/types.h
configure:8767: gcc -c -g -O2 -Wall  conftest.c >&5
configure:8767: $? = 0
configure:8767: result: yes
configure:8767: checking for sys/stat.h
configure:8767: gcc -c -g -O2 -Wall  conftest.c >&5
configure:8767: $? = 0
configure:8767: result: yes
configure:8767: checking for stdlib.h
configure:8767: gcc -c -g -O2 -Wall  conftest.c >&5
configure:8767: $? = 0
configure:8767: result: yes
configure:8767: checking for string.h
configure:8767: gcc -c -g -O2 -Wall  conftest.c >&5
configure:8767: $? = 0
configure:8767: result: yes
configure:8767: checking for memory.h
configure:8767: gcc -c -g -O2 -Wall  conftest.c >&5
configure:8767: $? = 0
configure:8767: result: yes
configure:8767: checking for strings.h
configure:8767: gcc -c -g -O2 -Wall  conftest.c >&5
configure:8767: $? = 0
configure:8767: result: yes
configure:8767: checking for inttypes.h
configure:8767: gcc -c -g -O2 -Wall  conftest.c >&5
configure:8767: $? = 0
configure:8767: result: yes
configure:8767: checking for stdint.h
configure:8767: gcc -c -g -O2 -Wall  conftest.c >&5
configure:8767: $? = 0
configure:8767: result: yes
configure:8767: checking for unistd.h
configure:8767: gcc -c -g -O2 -Wall  conftest.c >&5
configure:8767: $? = 0
configure:8767: result: yes
configure:8781: checking for dlfcn.h
configure:8781: gcc -c -g -O2 -Wall  conftest.c >&5
configure:8781: $? = 0
configure:8781: result: yes
configure:8987: checking for objdir
configure:9002: result: .libs
configure:9273: checking if gcc supports -fno-rtti -fno-exceptions
configure:9291: gcc -c -g -O2 -Wall  -fno-rtti -fno-exceptions conftest.c >&5
configure:9295: $? = 0
configure:9308: result: yes
configure:9635: checking for gcc option to produce PIC
configure:9642: result: -fno-common -DPIC
configure:9650: checking if gcc PIC flag -fno-common -DPIC works
configure:9668: gcc -c -g -O2 -Wall  -fno-common -DPIC -DPIC conftest.c >&5
configure:9672: $? = 0
configure:9685: result: yes
configure:9714: checking if gcc static flag -static works
configure:9742: result: no
configure:9757: checking if gcc supports -c -o file.o
configure:9778: gcc -c -g -O2 -Wall  -o out/conftest2.o conftest.c >&5
configure:9782: $? = 0
configure:9804: result: yes
configure:9812: checking if gcc supports -c -o file.o
configure:9859: result: yes
configure:9892: checking whether the gcc linker (/Applications/Xcode.app/Contents/Developer/Toolchains/XcodeDefault.xctoolchain/usr/bin/ld) supports shared libraries
configure:11049: result: yes
configure:11289: checking dynamic linker characteristics
configure:12023: result: darwin15.6.0 dyld
configure:12130: checking how to hardcode library paths into programs
configure:12155: result: immediate
configure:12695: checking whether stripping libraries is possible
configure:12709: result: yes
configure:12735: checking if libtool supports shared libraries
configure:12737: result: yes
configure:12740: checking whether to build shared libraries
configure:12761: result: yes
configure:12764: checking whether to build static libraries
configure:12768: result: yes
configure:12810: checking for bison
configure:12826: found /usr/bin/bison
configure:12838: result: bison -y
configure:12852: checking for ANSI C header files
configure:12956: result: yes
configure:12964: checking whether byte ordering is bigendian
configure:12979: gcc -c -g -O2 -Wall  conftest.c >&5
configure:12979: $? = 0
configure:13024: gcc -c -g -O2 -Wall  conftest.c >&5
configure:13024: $? = 0
configure:13042: gcc -c -g -O2 -Wall  conftest.c >&5
conftest.c:29:4: error: use of undeclared identifier 'not'
                 not big endian
                 ^
1 error generated.
configure:13042: $? = 1
configure: failed program was:
| /* confdefs.h */
| #define PACKAGE_NAME "sphinxbase"
| #define PACKAGE_TARNAME "sphinxbase"
| #define PACKAGE_VERSION "5prealpha"
| #define PACKAGE_STRING "sphinxbase 5prealpha"
| #define PACKAGE_BUGREPORT ""
| #define PACKAGE_URL ""
| #define STDC_HEADERS 1
| #define HAVE_SYS_TYPES_H 1
| #define HAVE_SYS_STAT_H 1
| #define HAVE_STDLIB_H 1
| #define HAVE_STRING_H 1
| #define HAVE_MEMORY_H 1
| #define HAVE_STRINGS_H 1
| #define HAVE_INTTYPES_H 1
| #define HAVE_STDINT_H 1
| #define HAVE_UNISTD_H 1
| #define HAVE_DLFCN_H 1
| #define LT_OBJDIR ".libs/"
| #define STDC_HEADERS 1
| /* end confdefs.h.  */
| #include <sys/types.h>
| 		#include <sys/param.h>
| 
| int
| main ()
| {
| #if BYTE_ORDER != BIG_ENDIAN
| 		 not big endian
| 		#endif
| 
|   ;
|   return 0;
| }
configure:13170: result: no
configure:13188: checking return type of signal handlers
configure:13206: gcc -c -g -O2 -Wall  conftest.c >&5
conftest.c:28:8: error: indirection requires pointer operand ('void' invalid)
return *(signal (0, 0)) (0) == 1;
       ^~~~~~~~~~~~~~~~~~~~
1 error generated.
configure:13206: $? = 1
configure: failed program was:
| /* confdefs.h */
| #define PACKAGE_NAME "sphinxbase"
| #define PACKAGE_TARNAME "sphinxbase"
| #define PACKAGE_VERSION "5prealpha"
| #define PACKAGE_STRING "sphinxbase 5prealpha"
| #define PACKAGE_BUGREPORT ""
| #define PACKAGE_URL ""
| #define STDC_HEADERS 1
| #define HAVE_SYS_TYPES_H 1
| #define HAVE_SYS_STAT_H 1
| #define HAVE_STDLIB_H 1
| #define HAVE_STRING_H 1
| #define HAVE_MEMORY_H 1
| #define HAVE_STRINGS_H 1
| #define HAVE_INTTYPES_H 1
| #define HAVE_STDINT_H 1
| #define HAVE_UNISTD_H 1
| #define HAVE_DLFCN_H 1
| #define LT_OBJDIR ".libs/"
| #define STDC_HEADERS 1
| /* end confdefs.h.  */
| #include <sys/types.h>
| #include <signal.h>
| 
| int
| main ()
| {
| return *(signal (0, 0)) (0) == 1;
|   ;
|   return 0;
| }
configure:13213: result: void
configure:13221: checking for long long
configure:13221: gcc -c -g -O2 -Wall  conftest.c >&5
configure:13221: $? = 0
configure:13221: gcc -c -g -O2 -Wall  conftest.c >&5
conftest.c:59:24: error: expected expression
if (sizeof ((long long)))
                       ^
1 error generated.
configure:13221: $? = 1
configure: failed program was:
| /* confdefs.h */
| #define PACKAGE_NAME "sphinxbase"
| #define PACKAGE_TARNAME "sphinxbase"
| #define PACKAGE_VERSION "5prealpha"
| #define PACKAGE_STRING "sphinxbase 5prealpha"
| #define PACKAGE_BUGREPORT ""
| #define PACKAGE_URL ""
| #define STDC_HEADERS 1
| #define HAVE_SYS_TYPES_H 1
| #define HAVE_SYS_STAT_H 1
| #define HAVE_STDLIB_H 1
| #define HAVE_STRING_H 1
| #define HAVE_MEMORY_H 1
| #define HAVE_STRINGS_H 1
| #define HAVE_INTTYPES_H 1
| #define HAVE_STDINT_H 1
| #define HAVE_UNISTD_H 1
| #define HAVE_DLFCN_H 1
| #define LT_OBJDIR ".libs/"
| #define STDC_HEADERS 1
| #define RETSIGTYPE void
| /* end confdefs.h.  */
| #include <stdio.h>
| #ifdef HAVE_SYS_TYPES_H
| # include <sys/types.h>
| #endif
| #ifdef HAVE_SYS_STAT_H
| # include <sys/stat.h>
| #endif
| #ifdef STDC_HEADERS
| # include <stdlib.h>
| # include <stddef.h>
| #else
| # ifdef HAVE_STDLIB_H
| #  include <stdlib.h>
| # endif
| #endif
| #ifdef HAVE_STRING_H
| # if !defined STDC_HEADERS && defined HAVE_MEMORY_H
| #  include <memory.h>
| # endif
| # include <string.h>
| #endif
| #ifdef HAVE_STRINGS_H
| # include <strings.h>
| #endif
| #ifdef HAVE_INTTYPES_H
| # include <inttypes.h>
| #endif
| #ifdef HAVE_STDINT_H
| # include <stdint.h>
| #endif
| #ifdef HAVE_UNISTD_H
| # include <unistd.h>
| #endif
| int
| main ()
| {
| if (sizeof ((long long)))
| 	    return 0;
|   ;
|   return 0;
| }
configure:13221: result: yes
configure:13235: checking size of long long
configure:13240: gcc -o conftest -g -O2 -Wall   conftest.c  >&5
configure:13240: $? = 0
configure:13240: ./conftest
configure:13240: $? = 0
configure:13254: result: 8
configure:13268: checking size of long
configure:13273: gcc -o conftest -g -O2 -Wall   conftest.c  >&5
configure:13273: $? = 0
configure:13273: ./conftest
configure:13273: $? = 0
configure:13287: result: 8
configure:13300: checking for popen
configure:13300: gcc -o conftest -g -O2 -Wall   conftest.c  >&5
configure:13300: $? = 0
configure:13300: result: yes
configure:13300: checking for perror
configure:13300: gcc -o conftest -g -O2 -Wall   conftest.c  >&5
configure:13300: $? = 0
configure:13300: result: yes
configure:13300: checking for snprintf
configure:13300: gcc -o conftest -g -O2 -Wall   conftest.c  >&5
conftest.c:51:6: warning: incompatible redeclaration of library function 'snprintf' [-Wincompatible-library-redeclaration]
char snprintf ();
     ^
conftest.c:51:6: note: 'snprintf' is a builtin with type 'int (char *, unsigned long, const char *, ...)'
1 warning generated.
configure:13300: $? = 0
configure:13300: result: yes
configure:13309: checking errno.h usability
configure:13309: gcc -c -g -O2 -Wall  conftest.c >&5
configure:13309: $? = 0
configure:13309: result: yes
configure:13309: checking errno.h presence
configure:13309: gcc -E  conftest.c
configure:13309: $? = 0
configure:13309: result: yes
configure:13309: checking for errno.h
configure:13309: result: yes
configure:13329: checking for sgesv_ in -llapack
configure:13354: gcc -o conftest -g -O2 -Wall   conftest.c -llapack   >&5
configure:13354: $? = 0
configure:13363: result: yes
configure:13377: checking for sgemm_ in -lblas
configure:13402: gcc -o conftest -g -O2 -Wall   conftest.c -lblas  -llapack  >&5
configure:13402: $? = 0
configure:13411: result: yes
configure:13446: checking for log in -lm
configure:13471: gcc -o conftest -g -O2 -Wall   conftest.c -lm  -lblas -llapack  >&5
conftest.c:39:6: warning: incompatible redeclaration of library function 'log' [-Wincompatible-library-redeclaration]
char log ();
     ^
conftest.c:39:6: note: 'log' is a builtin with type 'double (double)'
1 warning generated.
configure:13471: $? = 0
configure:13480: result: yes
configure:13511: checking pthread.h usability
configure:13511: gcc -c -g -O2 -Wall  conftest.c >&5
configure:13511: $? = 0
configure:13511: result: yes
configure:13511: checking pthread.h presence
configure:13511: gcc -E  conftest.c
configure:13511: $? = 0
configure:13511: result: yes
configure:13511: checking for pthread.h
configure:13511: result: yes
configure:13521: checking for pthread_create in -lpthread
configure:13546: gcc -o conftest -g -O2 -Wall   conftest.c -lpthread  -lm -lblas -llapack  >&5
configure:13546: $? = 0
configure:13555: result: yes
configure:13802: checking alc.h usability
configure:13802: gcc -c -g -O2 -Wall  -I/Applications/Xcode.app/Contents/Developer/Platforms/MacOSX.platform/Developer/SDKs/MacOSX10.12.sdk/System/Library/Frameworks/OpenAL.framework/Versions/A/Headers/ conftest.c >&5
configure:13802: $? = 0
configure:13802: result: yes
configure:13802: checking alc.h presence
configure:13802: gcc -E  -I/Applications/Xcode.app/Contents/Developer/Platforms/MacOSX.platform/Developer/SDKs/MacOSX10.12.sdk/System/Library/Frameworks/OpenAL.framework/Versions/A/Headers/ conftest.c
configure:13802: $? = 0
configure:13802: result: yes
configure:13802: checking for alc.h
configure:13802: result: yes
configure:13827: checking for doxygen
configure:13855: result: no
configure:13916: checking for a Python interpreter with version >= 2.6
configure:13933: python -c import sys # split strings by '.' and convert to numeric. Append some zeros # because we need at least 4 digits for the hex conversion. # map returns an iterator in Python 3.0 and a list in 2.x minver = list(map(int, '2.6'.split('.'))) + [0, 0, 0] minverhex = 0 # xrange is not present in Python 3.0 and range returns an iterator for i in list(range(0, 4)): minverhex = (minverhex << 8) + minver[i] sys.exit(sys.hexversion < minverhex)
configure:13936: $? = 0
configure:13942: result: python
configure:13950: checking for python
configure:13968: found /usr/local/bin/python
configure:13980: result: /usr/local/bin/python
configure:13998: checking for python version
configure:14005: result: 2.7
configure:14017: checking for python platform
configure:14024: result: darwin
configure:14050: checking for python script directory
configure:14085: result: ${prefix}/lib/python2.7/site-packages
configure:14094: checking for python extension module directory
configure:14129: result: ${exec_prefix}/lib/python2.7/site-packages
configure:14150: checking for python2.7
configure:14180: result: /usr/local/bin/python
configure:14196: checking for a version of Python >= '2.1.0'
configure:14222: result: yes
configure:14253: checking for the distutils Python package
configure:14257: result: yes
configure:14271: checking for Python include path
configure:14287: result: -I/usr/local/Cellar/python/2.7.13/Frameworks/Python.framework/Versions/2.7/include/python2.7
configure:14294: checking for Python library path
configure:14371: result: -L/usr/local/opt/python/Frameworks/Python.framework/Versions/2.7/lib -lpython2.7
configure:14378: checking for Python site-packages path
configure:14384: result: /usr/local/Cellar/python/2.7.13/Frameworks/Python.framework/Versions/2.7/lib/python2.7/site-packages
configure:14391: checking python extra libraries
configure:14398: result: -ldl  -framework CoreFoundation 
configure:14405: checking python extra linking flags
configure:14412: result: -u _PyMac_Error /usr/local/opt/python/Frameworks/Python.framework/Versions/2.7/Python
configure:14419: checking consistency of all components of python development environment
configure:14445: gcc -o conftest -g -O2 -Wall  -I/usr/local/Cellar/python/2.7.13/Frameworks/Python.framework/Versions/2.7/include/python2.7  conftest.c -lpthread -lm -lblas -llapack  -L/usr/local/opt/python/Frameworks/Python.framework/Versions/2.7/lib -lpython2.7 -u _PyMac_Error /usr/local/opt/python/Frameworks/Python.framework/Versions/2.7/Python -ldl  -framework CoreFoundation  >&5
configure:14445: $? = 0
configure:14462: result: yes
configure:14493: checking for swig
configure:14511: found /nfs/2017/s/scollet/.brew/bin/swig
configure:14523: result: /nfs/2017/s/scollet/.brew/bin/swig
configure:14537: checking SWIG version
configure:14540: result: 3.0.12
configure:14589: checking for SWIG library
configure:14592: result: /nfs/2017/s/scollet/.brew/Cellar/swig/3.0.12/share/swig/3.0.12
configure:14729: checking that generated files are newer than configure
configure:14735: result: done
configure:14787: creating ./config.status

## ---------------------- ##
## Running config.status. ##
## ---------------------- ##

This file was extended by sphinxbase config.status 5prealpha, which was
generated by GNU Autoconf 2.69.  Invocation command line was

  CONFIG_FILES    = 
  CONFIG_HEADERS  = 
  CONFIG_LINKS    = 
  CONFIG_COMMANDS = 
  $ ./config.status 

on e1z3r2p11.42.us.org

config.status:1165: creating sphinxbase.pc
config.status:1165: creating Makefile
config.status:1165: creating include/Makefile
config.status:1165: creating include/sphinxbase/Makefile
config.status:1165: creating src/Makefile
config.status:1165: creating src/libsphinxad/Makefile
config.status:1165: creating src/libsphinxbase/Makefile
config.status:1165: creating src/libsphinxbase/util/Makefile
config.status:1165: creating src/libsphinxbase/feat/Makefile
config.status:1165: creating src/libsphinxbase/fe/Makefile
config.status:1165: creating src/libsphinxbase/lm/Makefile
config.status:1165: creating src/sphinx_fe/Makefile
config.status:1165: creating src/sphinx_cepview/Makefile
config.status:1165: creating src/sphinx_jsgf2fsg/Makefile
config.status:1165: creating src/sphinx_adtools/Makefile
config.status:1165: creating src/sphinx_lmtools/Makefile
config.status:1165: creating doc/Makefile
config.status:1165: creating doc/doxyfile
config.status:1165: creating test/Makefile
config.status:1165: creating test/unit/testfuncs.sh
config.status:1165: creating test/unit/Makefile
config.status:1165: creating test/unit/test_alloc/Makefile
config.status:1165: creating test/unit/test_bitvec/Makefile
config.status:1165: creating test/unit/test_case/Makefile
config.status:1165: creating test/unit/test_string/Makefile
config.status:1165: creating test/unit/test_cmdln/Makefile
config.status:1165: creating test/unit/test_hash/Makefile
config.status:1165: creating test/unit/test_matrix/Makefile
config.status:1165: creating test/unit/test_feat/Makefile
config.status:1165: creating test/unit/test_fe/Makefile
config.status:1165: creating test/unit/test_logmath/Makefile
config.status:1165: creating test/unit/test_lineiter/Makefile
config.status:1165: creating test/unit/test_ngram/Makefile
config.status:1165: creating test/unit/test_fsg/Makefile
config.status:1165: creating test/unit/test_thread/Makefile
config.status:1165: creating test/unit/test_util/Makefile
config.status:1165: creating test/regression/testfuncs.sh
config.status:1165: creating test/regression/Makefile
config.status:1165: creating swig/Makefile
config.status:1165: creating swig/python/Makefile
config.status:1165: creating include/config.h
config.status:1165: creating include/sphinx_config.h
config.status:1346: include/sphinx_config.h is unchanged
config.status:1394: executing depfiles commands
config.status:1394: executing libtool commands

## ---------------- ##
## Cache variables. ##
## ---------------- ##

ac_cv_build=x86_64-apple-darwin15.6.0
ac_cv_c_bigendian=no
ac_cv_c_compiler_gnu=yes
ac_cv_env_CC_set=
ac_cv_env_CC_value=
ac_cv_env_CFLAGS_set=
ac_cv_env_CFLAGS_value=
ac_cv_env_CPPFLAGS_set=
ac_cv_env_CPPFLAGS_value=
ac_cv_env_CPP_set=
ac_cv_env_CPP_value=
ac_cv_env_LDFLAGS_set=
ac_cv_env_LDFLAGS_value=
ac_cv_env_LIBS_set=
ac_cv_env_LIBS_value=
ac_cv_env_PYTHON_VERSION_set=
ac_cv_env_PYTHON_VERSION_value=
ac_cv_env_PYTHON_set=
ac_cv_env_PYTHON_value=
ac_cv_env_YACC_set=
ac_cv_env_YACC_value=
ac_cv_env_build_alias_set=
ac_cv_env_build_alias_value=
ac_cv_env_host_alias_set=
ac_cv_env_host_alias_value=
ac_cv_env_target_alias_set=
ac_cv_env_target_alias_value=
ac_cv_func_perror=yes
ac_cv_func_popen=yes
ac_cv_func_snprintf=yes
ac_cv_header_alc_h=yes
ac_cv_header_dlfcn_h=yes
ac_cv_header_errno_h=yes
ac_cv_header_inttypes_h=yes
ac_cv_header_memory_h=yes
ac_cv_header_pthread_h=yes
ac_cv_header_stdc=yes
ac_cv_header_stdint_h=yes
ac_cv_header_stdlib_h=yes
ac_cv_header_string_h=yes
ac_cv_header_strings_h=yes
ac_cv_header_sys_stat_h=yes
ac_cv_header_sys_types_h=yes
ac_cv_header_unistd_h=yes
ac_cv_host=x86_64-apple-darwin15.6.0
ac_cv_lib_blas_sgemm_=yes
ac_cv_lib_lapack_sgesv_=yes
ac_cv_lib_m_log=yes
ac_cv_lib_pthread_pthread_create=yes
ac_cv_objext=o
ac_cv_path_EGREP='/usr/bin/grep -E'
ac_cv_path_FGREP='/usr/bin/grep -F'
ac_cv_path_GREP=/usr/bin/grep
ac_cv_path_PYTHON=/usr/local/bin/python
ac_cv_path_SED=/usr/bin/sed
ac_cv_path_SWIG=/nfs/2017/s/scollet/.brew/bin/swig
ac_cv_path_install='/usr/bin/install -c'
ac_cv_prog_AWK=awk
ac_cv_prog_CPP='gcc -E'
ac_cv_prog_HAVE_DOXYGEN=no
ac_cv_prog_YACC='bison -y'
ac_cv_prog_ac_ct_AR=ar
ac_cv_prog_ac_ct_CC=gcc
ac_cv_prog_ac_ct_DSYMUTIL=dsymutil
ac_cv_prog_ac_ct_LIPO=lipo
ac_cv_prog_ac_ct_NMEDIT=nmedit
ac_cv_prog_ac_ct_OTOOL=otool
ac_cv_prog_ac_ct_RANLIB=ranlib
ac_cv_prog_ac_ct_STRIP=strip
ac_cv_prog_cc_c89=
ac_cv_prog_cc_c99=
ac_cv_prog_cc_g=yes
ac_cv_prog_cc_stdc=
ac_cv_prog_make_make_set=yes
ac_cv_search_strerror='none required'
ac_cv_sizeof_long=8
ac_cv_sizeof_long_long=8
ac_cv_type_long_long=yes
ac_cv_type_signal=void
am_cv_CC_dependencies_compiler_type=gcc3
am_cv_make_support_nested_variables=yes
am_cv_pathless_PYTHON=python
am_cv_prog_cc_c_o=yes
am_cv_python_platform=darwin
am_cv_python_pyexecdir='${exec_prefix}/lib/python2.7/site-packages'
am_cv_python_pythondir='${prefix}/lib/python2.7/site-packages'
am_cv_python_version=2.7
lt_cv_apple_cc_single_mod=yes
lt_cv_ar_at_file=no
lt_cv_deplibs_check_method=pass_all
lt_cv_file_magic_cmd='$MAGIC_CMD'
lt_cv_file_magic_test_file=
lt_cv_ld_exported_symbols_list=yes
lt_cv_ld_force_load=yes
lt_cv_ld_reload_flag=-r
lt_cv_nm_interface='BSD nm'
lt_cv_objdir=.libs
lt_cv_path_LD=/Applications/Xcode.app/Contents/Developer/Toolchains/XcodeDefault.xctoolchain/usr/bin/ld
lt_cv_path_NM='/usr/bin/nm -B'
lt_cv_path_mainfest_tool=no
lt_cv_prog_compiler_c_o=yes
lt_cv_prog_compiler_pic='-fno-common -DPIC'
lt_cv_prog_compiler_pic_works=yes
lt_cv_prog_compiler_rtti_exceptions=yes
lt_cv_prog_compiler_static_works=no
lt_cv_prog_gnu_ld=no
lt_cv_sharedlib_from_linklib_cmd='printf %s\n'
lt_cv_sys_global_symbol_pipe='sed -n -e '\''s/^.*[	 ]\([BCDEGRST][BCDEGRST]*\)[	 ][	 ]*_\([_A-Za-z][_A-Za-z0-9]*\)$/\1 _\2 \2/p'\'' | sed '\''/ __gnu_lto/d'\'''
lt_cv_sys_global_symbol_to_c_name_address='sed -n -e '\''s/^: \([^ ]*\)[ ]*$/  {\"\1\", (void *) 0},/p'\'' -e '\''s/^[BCDEGRST]* \([^ ]*\) \([^ ]*\)$/  {"\2", (void *) \&\2},/p'\'''
lt_cv_sys_global_symbol_to_c_name_address_lib_prefix='sed -n -e '\''s/^: \([^ ]*\)[ ]*$/  {\"\1\", (void *) 0},/p'\'' -e '\''s/^[BCDEGRST]* \([^ ]*\) \(lib[^ ]*\)$/  {"\2", (void *) \&\2},/p'\'' -e '\''s/^[BCDEGRST]* \([^ ]*\) \([^ ]*\)$/  {"lib\2", (void *) \&\2},/p'\'''
lt_cv_sys_global_symbol_to_cdecl='sed -n -e '\''s/^T .* \(.*\)$/extern int \1();/p'\'' -e '\''s/^[BCDEGRST]* .* \(.*\)$/extern char \1;/p'\'''
lt_cv_sys_max_cmd_len=196608
lt_cv_to_host_file_cmd=func_convert_file_noop
lt_cv_to_tool_file_cmd=func_convert_file_noop

## ----------------- ##
## Output variables. ##
## ----------------- ##

ACLOCAL='${SHELL} /nfs/2017/s/scollet/KIFT/sphinxbase-5prealpha/missing aclocal-1.14'
AMDEPBACKSLASH='\'
AMDEP_FALSE='#'
AMDEP_TRUE=''
AMTAR='$${TAR-tar}'
AM_BACKSLASH='\'
AM_DEFAULT_V='$(AM_DEFAULT_VERBOSITY)'
AM_DEFAULT_VERBOSITY='1'
AM_V='$(V)'
AR='ar'
AUTOCONF='${SHELL} /nfs/2017/s/scollet/KIFT/sphinxbase-5prealpha/missing autoconf'
AUTOHEADER='${SHELL} /nfs/2017/s/scollet/KIFT/sphinxbase-5prealpha/missing autoheader'
AUTOMAKE='${SHELL} /nfs/2017/s/scollet/KIFT/sphinxbase-5prealpha/missing automake-1.14'
AWK='awk'
BUILD_DOXYGEN_FALSE=''
BUILD_DOXYGEN_TRUE='#'
BUILD_SWIG_FALSE='#'
BUILD_SWIG_TRUE=''
CC='gcc'
CCDEPMODE='depmode=gcc3'
CFLAGS='-g -O2 -Wall'
CPP='gcc -E'
CPPFLAGS=''
CYGPATH_W='echo'
DEFS='-DHAVE_CONFIG_H'
DEPDIR='.deps'
DLLTOOL='false'
DSYMUTIL='dsymutil'
DUMPBIN=''
ECHO_C='\c'
ECHO_N=''
ECHO_T=''
EGREP='/usr/bin/grep -E'
EXEEXT=''
FGREP='/usr/bin/grep -F'
FIXED_POINT_FALSE=''
FIXED_POINT_TRUE='#'
GREP='/usr/bin/grep'
HAVE_DOXYGEN='no'
INSTALL_DATA='${INSTALL} -m 644'
INSTALL_PROGRAM='${INSTALL}'
INSTALL_SCRIPT='${INSTALL}'
INSTALL_STRIP_PROGRAM='$(install_sh) -c -s'
LAPACK_LITE_FALSE=''
LAPACK_LITE_TRUE='#'
LD='/Applications/Xcode.app/Contents/Developer/Toolchains/XcodeDefault.xctoolchain/usr/bin/ld'
LDFLAGS=''
LIBOBJS=''
LIBS='-lpthread -lm -lblas -llapack '
LIBTOOL='$(SHELL) $(top_builddir)/libtool'
LIPO='lipo'
LN_S='ln -s'
LTLIBOBJS=''
MAKEINFO='${SHELL} /nfs/2017/s/scollet/KIFT/sphinxbase-5prealpha/missing makeinfo'
MANIFEST_TOOL=':'
MKDIR_P='./install-sh -c -d'
NM='/usr/bin/nm -B'
NMEDIT='nmedit'
OBJDUMP='false'
OBJEXT='o'
OTOOL64=':'
OTOOL='otool'
PACKAGE='sphinxbase'
PACKAGE_BUGREPORT=''
PACKAGE_NAME='sphinxbase'
PACKAGE_STRING='sphinxbase 5prealpha'
PACKAGE_TARNAME='sphinxbase'
PACKAGE_URL=''
PACKAGE_VERSION='5prealpha'
PATH_SEPARATOR=':'
PYTHON='/usr/local/bin/python'
PYTHON_CPPFLAGS='-I/usr/local/Cellar/python/2.7.13/Frameworks/Python.framework/Versions/2.7/include/python2.7'
PYTHON_EXEC_PREFIX='${exec_prefix}'
PYTHON_EXTRA_LDFLAGS='-u _PyMac_Error /usr/local/opt/python/Frameworks/Python.framework/Versions/2.7/Python'
PYTHON_EXTRA_LIBS='-ldl  -framework CoreFoundation '
PYTHON_LDFLAGS='-L/usr/local/opt/python/Frameworks/Python.framework/Versions/2.7/lib -lpython2.7'
PYTHON_PLATFORM='darwin'
PYTHON_PREFIX='${prefix}'
PYTHON_SITE_PKG='/usr/local/Cellar/python/2.7.13/Frameworks/Python.framework/Versions/2.7/lib/python2.7/site-packages'
PYTHON_VERSION='2.7'
RANLIB='ranlib'
SED='/usr/bin/sed'
SET_MAKE=''
SHELL='/bin/sh'
STRIP='strip'
SWIG='/nfs/2017/s/scollet/.brew/bin/swig'
SWIG_LIB='/nfs/2017/s/scollet/.brew/Cellar/swig/3.0.12/share/swig/3.0.12'
USE_LAPACK_FALSE='#'
USE_LAPACK_TRUE=''
USE_THREADS_FALSE='#'
USE_THREADS_TRUE=''
VERSION='5prealpha'
YACC='bison -y'
ac_ct_AR='ar'
ac_ct_CC='gcc'
ac_ct_DUMPBIN=''
ad_cppflags='-I/Applications/Xcode.app/Contents/Developer/Platforms/MacOSX.platform/Developer/SDKs/MacOSX10.12.sdk/System/Library/Frameworks/OpenAL.framework/Versions/A/Headers/'
ad_files='ad_openal.lo'
ad_libs='-framework OpenAL'
am__EXEEXT_FALSE=''
am__EXEEXT_TRUE='#'
am__fastdepCC_FALSE='#'
am__fastdepCC_TRUE=''
am__include='include'
am__isrc=''
am__leading_dot='.'
am__nodep='_no'
am__quote=''
am__tar='$${TAR-tar} chof - "$$tardir"'
am__untar='$${TAR-tar} xf -'
bindir='${exec_prefix}/bin'
build='x86_64-apple-darwin15.6.0'
build_alias=''
build_cpu='x86_64'
build_os='darwin15.6.0'
build_vendor='apple'
datadir='${datarootdir}'
datarootdir='${prefix}/share'
docdir='${datarootdir}/doc/${PACKAGE_TARNAME}'
dvidir='${docdir}'
exec_prefix='${prefix}'
host='x86_64-apple-darwin15.6.0'
host_alias=''
host_cpu='x86_64'
host_os='darwin15.6.0'
host_vendor='apple'
htmldir='${docdir}'
includedir='${prefix}/include'
infodir='${datarootdir}/info'
install_sh='${SHELL} /nfs/2017/s/scollet/KIFT/sphinxbase-5prealpha/install-sh'
libdir='${exec_prefix}/lib'
libexecdir='${exec_prefix}/libexec'
localedir='${datarootdir}/locale'
localstatedir='${prefix}/var'
mandir='${datarootdir}/man'
mkdir_p='$(MKDIR_P)'
oldincludedir='/usr/include'
pdfdir='${docdir}'
pkgpyexecdir='${pyexecdir}/sphinxbase'
pkgpythondir='${pythondir}/sphinxbase'
prefix='/.'
program_transform_name='s,x,x,'
psdir='${docdir}'
pyexecdir='${exec_prefix}/lib/python2.7/site-packages'
pythondir='${prefix}/lib/python2.7/site-packages'
sbindir='${exec_prefix}/sbin'
sharedstatedir='${prefix}/com'
sysconfdir='${prefix}/etc'
target_alias=''

## ----------- ##
## confdefs.h. ##
## ----------- ##

/* confdefs.h */
#define PACKAGE_NAME "sphinxbase"
#define PACKAGE_TARNAME "sphinxbase"
#define PACKAGE_VERSION "5prealpha"
#define PACKAGE_STRING "sphinxbase 5prealpha"
#define PACKAGE_BUGREPORT ""
#define PACKAGE_URL ""
#define STDC_HEADERS 1
#define HAVE_SYS_TYPES_H 1
#define HAVE_SYS_STAT_H 1
#define HAVE_STDLIB_H 1
#define HAVE_STRING_H 1
#define HAVE_MEMORY_H 1
#define HAVE_STRINGS_H 1
#define HAVE_INTTYPES_H 1
#define HAVE_STDINT_H 1
#define HAVE_UNISTD_H 1
#define HAVE_DLFCN_H 1
#define LT_OBJDIR ".libs/"
#define STDC_HEADERS 1
#define RETSIGTYPE void
#define HAVE_LONG_LONG 1
#define SIZEOF_LONG_LONG 8
#define SIZEOF_LONG 8
#define HAVE_POPEN 1
#define HAVE_PERROR 1
#define HAVE_SNPRINTF 1
#define HAVE_LIBLAPACK 1
#define HAVE_LIBBLAS 1
#define WITH_LAPACK /**/
#define HAVE_LIBM 1
#define HAVE_PTHREAD_H 1
#define HAVE_LIBPTHREAD 1
#define ENABLE_THREADS /**/
#define HAVE_PYTHON "2.7"

configure: exit 0
